=== Execução iniciada em 05/11/2025 10:34:43 ===
[SYNC] Nova versão disponível: 25.2.F. Baixando CSVs...
[OK] TabelaIBPTaxAC25.2.F.csv -> 11290 arquivo(s) de código atualizados. Tempo: 87,6s
[OK] TabelaIBPTaxAL25.2.F.csv -> 11290 arquivo(s) de código atualizados. Tempo: 87,4s
[OK] TabelaIBPTaxAM25.2.F.csv -> 11290 arquivo(s) de código atualizados. Tempo: 101,2s
[OK] TabelaIBPTaxAP25.2.F.csv -> 11290 arquivo(s) de código atualizados. Tempo: 84,6s
[OK] TabelaIBPTaxBA25.2.F.csv -> 11290 arquivo(s) de código atualizados. Tempo: 89,4s
[OK] TabelaIBPTaxCE25.2.F.csv -> 11290 arquivo(s) de código atualizados. Tempo: 93,8s
[OK] TabelaIBPTaxDF25.2.F.csv -> 11290 arquivo(s) de código atualizados. Tempo: 94,3s
[OK] TabelaIBPTaxES25.2.F.csv -> 11290 arquivo(s) de código atualizados. Tempo: 93,4s
[OK] TabelaIBPTaxGO25.2.F.csv -> 11290 arquivo(s) de código atualizados. Tempo: 94,2s
[OK] TabelaIBPTaxMA25.2.F.csv -> 11290 arquivo(s) de código atualizados. Tempo: 94,3s
[OK] TabelaIBPTaxMG25.2.F.csv -> 11290 arquivo(s) de código atualizados. Tempo: 94,1s
[OK] TabelaIBPTaxMS25.2.F.csv -> 11290 arquivo(s) de código atualizados. Tempo: 96,4s
[OK] TabelaIBPTaxMT25.2.F.csv -> 11290 arquivo(s) de código atualizados. Tempo: 96,3s
[OK] TabelaIBPTaxPA25.2.F.csv -> 11290 arquivo(s) de código atualizados. Tempo: 99,3s
[OK] TabelaIBPTaxPB25.2.F.csv -> 11290 arquivo(s) de código atualizados. Tempo: 97,2s
[OK] TabelaIBPTaxPE25.2.F.csv -> 11290 arquivo(s) de código atualizados. Tempo: 83,4s
[OK] TabelaIBPTaxPI25.2.F.csv -> 11290 arquivo(s) de código atualizados. Tempo: 96,1s
[OK] TabelaIBPTaxPR25.2.F.csv -> 11290 arquivo(s) de código atualizados. Tempo: 97,6s
[OK] TabelaIBPTaxRJ25.2.F.csv -> 11290 arquivo(s) de código atualizados. Tempo: 99,6s
[OK] TabelaIBPTaxRN25.2.F.csv -> 11290 arquivo(s) de código atualizados. Tempo: 96,3s
[OK] TabelaIBPTaxRO25.2.F.csv -> 10717 arquivo(s) de código atualizados. Tempo: 88,1s
[OK] TabelaIBPTaxRR25.2.F.csv -> 11290 arquivo(s) de código atualizados. Tempo: 96,3s
[OK] TabelaIBPTaxRS25.2.F.csv -> 11290 arquivo(s) de código atualizados. Tempo: 97,5s
[OK] TabelaIBPTaxSC25.2.F.csv -> 11290 arquivo(s) de código atualizados. Tempo: 97,2s
[OK] TabelaIBPTaxSE25.2.F.csv -> 11290 arquivo(s) de código atualizados. Tempo: 93,7s
[OK] TabelaIBPTaxSP25.2.F.csv -> 11290 arquivo(s) de código atualizados. Tempo: 92,3s
[OK] TabelaIBPTaxTO25.2.F.csv -> 11290 arquivo(s) de código atualizados. Tempo: 94,6s
Finalizado. CSVs processados: 27. Arquivos de código atualizados: 304257.
=== Execução encerrada em 05/11/2025 11:17:06 ===

